# JRE version: OpenJDK Runtime Environment Temurin-17.0.10+7 (17.0.10+7) (build 17.0.10+7)
# Java VM: OpenJDK 64-Bit Server VM Temurin-17.0.10+7 (17.0.10+7, mixed mode, sharing, tiered, compressed oops, compressed class ptrs, g1 gc, windows-amd64)
GC Precious Log:
 CPUs: 8 total, 8 available
 Memory: 16221M
 Large Page Support: Disabled
 NUMA Support: Disabled
 Compressed Oops: Enabled (32-bit)
 Heap Region Size: 1M
 Heap Min Capacity: 8M
 Heap Initial Capacity: 254M
 Heap Max Capacity: 2G
 Pre-touch: Disabled
 Parallel Workers: 8
 Concurrent Workers: 2
 Concurrent Refinement Workers: 8
 Periodic GC: Disabled
Heap:
 garbage-first heap   total 155648K, used 89772K [0x0000000080000000, 0x0000000100000000)
  region size 1024K, 1 young (1024K), 1 survivors (1024K)
 Metaspace       used 81600K, committed 82240K, reserved 1179648K
  class space    used 11117K, committed 11392K, reserved 1048576K
GC Heap History (20 events):
Event: 20.323 GC heap after
{Heap after GC invocations=28 (full 0):
 garbage-first heap   total 94208K, used 55597K [0x0000000080000000, 0x0000000100000000)
  region size 1024K, 3 young (3072K), 3 survivors (3072K)
 Metaspace       used 51718K, committed 52160K, reserved 1114112K
  class space    used 6915K, committed 7104K, reserved 1048576K
}
Event: 20.531 GC heap before
{Heap before GC invocations=29 (full 0):
 garbage-first heap   total 117760K, used 78125K [0x0000000080000000, 0x0000000100000000)
  region size 1024K, 19 young (19456K), 3 survivors (3072K)
 Metaspace       used 52285K, committed 52736K, reserved 1114112K
  class space    used 7015K, committed 7232K, reserved 1048576K
}
Event: 20.536 GC heap after
{Heap after GC invocations=30 (full 0):
 garbage-first heap   total 117760K, used 57299K [0x0000000080000000, 0x0000000100000000)
  region size 1024K, 3 young (3072K), 3 survivors (3072K)
 Metaspace       used 52285K, committed 52736K, reserved 1114112K
  class space    used 7015K, committed 7232K, reserved 1048576K
}
Event: 20.955 GC heap before
{Heap before GC invocations=30 (full 0):
 garbage-first heap   total 117760K, used 84947K [0x0000000080000000, 0x0000000100000000)
  region size 1024K, 30 young (30720K), 3 survivors (3072K)
 Metaspace       used 54674K, committed 55104K, reserved 1114112K
  class space    used 7286K, committed 7488K, reserved 1048576K
}
Event: 20.960 GC heap after
{Heap after GC invocations=31 (full 0):
 garbage-first heap   total 154624K, used 59870K [0x0000000080000000, 0x0000000100000000)
  region size 1024K, 3 young (3072K), 3 survivors (3072K)
 Metaspace       used 54674K, committed 55104K, reserved 1114112K
  class space    used 7286K, committed 7488K, reserved 1048576K
}
Event: 21.661 GC heap before
{Heap before GC invocations=32 (full 0):
 garbage-first heap   total 154624K, used 106974K [0x0000000080000000, 0x0000000100000000)
  region size 1024K, 49 young (50176K), 3 survivors (3072K)
 Metaspace       used 58515K, committed 58944K, reserved 1114112K
  class space    used 7764K, committed 7936K, reserved 1048576K
}
Event: 21.667 GC heap after
{Heap after GC invocations=33 (full 0):
 garbage-first heap   total 154624K, used 62886K [0x0000000080000000, 0x0000000100000000)
  region size 1024K, 6 young (6144K), 6 survivors (6144K)
 Metaspace       used 58515K, committed 58944K, reserved 1114112K
  class space    used 7764K, committed 7936K, reserved 1048576K
}
Event: 22.304 GC heap before
{Heap before GC invocations=33 (full 0):
 garbage-first heap   total 154624K, used 111014K [0x0000000080000000, 0x0000000100000000)
  region size 1024K, 53 young (54272K), 6 survivors (6144K)
 Metaspace       used 59693K, committed 60288K, reserved 1114112K
  class space    used 7910K, committed 8192K, reserved 1048576K
}
Event: 22.312 GC heap after
{Heap after GC invocations=34 (full 0):
 garbage-first heap   total 154624K, used 67296K [0x0000000080000000, 0x0000000100000000)
  region size 1024K, 7 young (7168K), 7 survivors (7168K)
 Metaspace       used 59693K, committed 60288K, reserved 1114112K
  class space    used 7910K, committed 8192K, reserved 1048576K
}
Event: 23.179 GC heap before
{Heap before GC invocations=34 (full 0):
 garbage-first heap   total 154624K, used 114400K [0x0000000080000000, 0x0000000100000000)
  region size 1024K, 53 young (54272K), 7 survivors (7168K)
 Metaspace       used 65343K, committed 65920K, reserved 1114112K
  class space    used 8872K, committed 9152K, reserved 1048576K
}
Event: 23.188 GC heap after
{Heap after GC invocations=35 (full 0):
 garbage-first heap   total 154624K, used 70655K [0x0000000080000000, 0x0000000100000000)
  region size 1024K, 4 young (4096K), 4 survivors (4096K)
 Metaspace       used 65343K, committed 65920K, reserved 1114112K
  class space    used 8872K, committed 9152K, reserved 1048576K
}
Event: 23.570 GC heap before
{Heap before GC invocations=35 (full 0):
 garbage-first heap   total 154624K, used 116735K [0x0000000080000000, 0x0000000100000000)
  region size 1024K, 49 young (50176K), 4 survivors (4096K)
 Metaspace       used 66758K, committed 67392K, reserved 1114112K
  class space    used 9076K, committed 9344K, reserved 1048576K
}
Event: 23.576 GC heap after
{Heap after GC invocations=36 (full 0):
 garbage-first heap   total 154624K, used 73834K [0x0000000080000000, 0x0000000100000000)
  region size 1024K, 7 young (7168K), 7 survivors (7168K)
 Metaspace       used 66758K, committed 67392K, reserved 1114112K
  class space    used 9076K, committed 9344K, reserved 1048576K
}
Event: 24.316 GC heap before
{Heap before GC invocations=36 (full 0):
 garbage-first heap   total 154624K, used 118890K [0x0000000080000000, 0x0000000100000000)
  region size 1024K, 51 young (52224K), 7 survivors (7168K)
 Metaspace       used 70622K, committed 71232K, reserved 1114112K
  class space    used 9642K, committed 9920K, reserved 1048576K
}
Event: 24.325 GC heap after
{Heap after GC invocations=37 (full 0):
 garbage-first heap   total 154624K, used 77376K [0x0000000080000000, 0x0000000100000000)
  region size 1024K, 7 young (7168K), 7 survivors (7168K)
 Metaspace       used 70622K, committed 71232K, reserved 1114112K
  class space    used 9642K, committed 9920K, reserved 1048576K
}
Event: 25.194 GC heap before
{Heap before GC invocations=37 (full 0):
 garbage-first heap   total 154624K, used 122432K [0x0000000080000000, 0x0000000100000000)
  region size 1024K, 51 young (52224K), 7 survivors (7168K)
 Metaspace       used 75203K, committed 75840K, reserved 1179648K
  class space    used 10271K, committed 10560K, reserved 1048576K
}
Event: 25.206 GC heap after
{Heap after GC invocations=38 (full 0):
 garbage-first heap   total 154624K, used 81254K [0x0000000080000000, 0x0000000100000000)
  region size 1024K, 7 young (7168K), 7 survivors (7168K)
 Metaspace       used 75203K, committed 75840K, reserved 1179648K
  class space    used 10271K, committed 10560K, reserved 1048576K
}
Event: 26.320 GC heap before
{Heap before GC invocations=39 (full 0):
 garbage-first heap   total 154624K, used 123238K [0x0000000080000000, 0x0000000100000000)
  region size 1024K, 49 young (50176K), 7 survivors (7168K)
 Metaspace       used 81480K, committed 82112K, reserved 1179648K
  class space    used 11098K, committed 11392K, reserved 1048576K
}
Event: 26.337 GC heap after
{Heap after GC invocations=40 (full 0):
 garbage-first heap   total 154624K, used 88575K [0x0000000080000000, 0x0000000100000000)
  region size 1024K, 7 young (7168K), 7 survivors (7168K)
 Metaspace       used 81480K, committed 82112K, reserved 1179648K
  class space    used 11098K, committed 11392K, reserved 1048576K
}
Event: 26.369 GC heap before
{Heap before GC invocations=40 (full 0):
 garbage-first heap   total 154624K, used 89599K [0x0000000080000000, 0x0000000100000000)
  region size 1024K, 8 young (8192K), 7 survivors (7168K)
 Metaspace       used 81600K, committed 82240K, reserved 1179648K
  class space    used 11117K, committed 11392K, reserved 1048576K
}

